2017-11-11 17:15:59 [scrapy.utils.log] INFO: Scrapy 1.4.0 started (bot: bitcointalk_ANN)
2017-11-11 17:15:59 [scrapy.utils.log] INFO: Overridden settings: {'NEWSPIDER_MODULE': 'bitcointalk_ANN.spiders', 'ROBOTSTXT_OBEY': True, 'SPIDER_MODULES': ['bitcointalk_ANN.spiders'], 'AUTOTHROTTLE_START_DELAY': 1.0, 'RETRY_HTTP_CODES': [500, 503, 504, 400, 403, 404, 408], 'BOT_NAME': 'bitcointalk_ANN', 'RETRY_TIMES': 10, 'AUTOTHROTTLE_ENABLED': True, 'LOG_FILE': 'crawl.log'}
2017-11-11 17:15:59 [scrapy.middleware] INFO: Enabled extensions:
['scrapy.extensions.logstats.LogStats',
 'scrapy.extensions.telnet.TelnetConsole',
 'scrapy.extensions.corestats.CoreStats',
 'scrapy.extensions.throttle.AutoThrottle']
2017-11-11 17:16:00 [scrapy.middleware] INFO: Enabled downloader middlewares:
['scrapy.downloadermiddlewares.robotstxt.RobotsTxtMiddleware',
 'scrapy.downloadermiddlewares.httpauth.HttpAuthMiddleware',
 'scrapy.downloadermiddlewares.downloadtimeout.DownloadTimeoutMiddleware',
 'scrapy.downloadermiddlewares.defaultheaders.DefaultHeadersMiddleware',
 'scrapy_fake_useragent.middleware.RandomUserAgentMiddleware',
 'scrapy.downloadermiddlewares.retry.RetryMiddleware',
 'scrapy.downloadermiddlewares.redirect.MetaRefreshMiddleware',
 'scrapy.downloadermiddlewares.httpcompression.HttpCompressionMiddleware',
 'scrapy.downloadermiddlewares.redirect.RedirectMiddleware',
 'scrapy.downloadermiddlewares.cookies.CookiesMiddleware',
 'scrapy.downloadermiddlewares.httpproxy.HttpProxyMiddleware',
 'scrapy.downloadermiddlewares.stats.DownloaderStats']
2017-11-11 17:16:00 [scrapy.middleware] INFO: Enabled spider middlewares:
['scrapy.spidermiddlewares.httperror.HttpErrorMiddleware',
 'scrapy.spidermiddlewares.offsite.OffsiteMiddleware',
 'scrapy.spidermiddlewares.referer.RefererMiddleware',
 'scrapy.spidermiddlewares.urllength.UrlLengthMiddleware',
 'scrapy.spidermiddlewares.depth.DepthMiddleware']
2017-11-11 17:16:00 [scrapy.middleware] INFO: Enabled item pipelines:
['bitcointalk_ANN.pipelines.PostPipeline']
2017-11-11 17:16:00 [scrapy.core.engine] INFO: Spider opened
2017-11-11 17:16:00 [scrapy.extensions.logstats] INFO: Crawled 0 pages (at 0 pages/min), scraped 0 items (at 0 items/min)
2017-11-11 17:16:00 [scrapy.extensions.telnet] DEBUG: Telnet console listening on 127.0.0.1:6023
2017-11-11 17:16:01 [scrapy.core.engine] DEBUG: Crawled (200) <GET https://bitcointalk.org/robots.txt> (referer: None)
2017-11-11 17:16:02 [scrapy.core.engine] DEBUG: Crawled (200) <GET https://bitcointalk.org/index.php?topic=1905864.0> (referer: None)
2017-11-11 17:16:02 [scrapy.core.scraper] DEBUG: Scraped from <200 https://bitcointalk.org/index.php?topic=1905864.0>
None
2017-11-11 17:16:03 [scrapy.core.engine] DEBUG: Crawled (200) <GET https://bitcointalk.org/index.php?topic=1905864.20> (referer: None)
2017-11-11 17:16:03 [scrapy.core.scraper] DEBUG: Scraped from <200 https://bitcointalk.org/index.php?topic=1905864.20>
None
2017-11-11 17:16:03 [scrapy.core.engine] DEBUG: Crawled (200) <GET https://bitcointalk.org/index.php?topic=1905864.40> (referer: None)
2017-11-11 17:16:03 [scrapy.core.scraper] DEBUG: Scraped from <200 https://bitcointalk.org/index.php?topic=1905864.40>
None
2017-11-11 17:16:04 [scrapy.core.engine] DEBUG: Crawled (200) <GET https://bitcointalk.org/index.php?topic=1905864.60> (referer: None)
2017-11-11 17:16:04 [scrapy.core.scraper] DEBUG: Scraped from <200 https://bitcointalk.org/index.php?topic=1905864.60>
None
2017-11-11 17:16:04 [scrapy.core.engine] DEBUG: Crawled (200) <GET https://bitcointalk.org/index.php?topic=1905864.80> (referer: None)
2017-11-11 17:16:05 [scrapy.core.scraper] DEBUG: Scraped from <200 https://bitcointalk.org/index.php?topic=1905864.80>
None
2017-11-11 17:16:05 [scrapy.core.engine] DEBUG: Crawled (200) <GET https://bitcointalk.org/index.php?topic=1905864.100> (referer: None)
2017-11-11 17:16:05 [scrapy.core.scraper] DEBUG: Scraped from <200 https://bitcointalk.org/index.php?topic=1905864.100>
None
2017-11-11 17:16:05 [scrapy.core.engine] DEBUG: Crawled (200) <GET https://bitcointalk.org/index.php?topic=1905864.120> (referer: None)
2017-11-11 17:16:06 [scrapy.core.scraper] DEBUG: Scraped from <200 https://bitcointalk.org/index.php?topic=1905864.120>
None
2017-11-11 17:16:06 [scrapy.core.engine] DEBUG: Crawled (200) <GET https://bitcointalk.org/index.php?topic=1905864.140> (referer: None)
2017-11-11 17:16:06 [scrapy.core.scraper] DEBUG: Scraped from <200 https://bitcointalk.org/index.php?topic=1905864.140>
None
2017-11-11 17:16:06 [scrapy.core.engine] INFO: Closing spider (finished)
2017-11-11 17:16:06 [scrapy.statscollectors] INFO: Dumping Scrapy stats:
{'downloader/request_bytes': 2921,
 'downloader/request_count': 9,
 'downloader/request_method_count/GET': 9,
 'downloader/response_bytes': 444746,
 'downloader/response_count': 9,
 'downloader/response_status_count/200': 9,
 'finish_reason': 'finished',
 'finish_time': datetime.datetime(2017, 11, 11, 16, 16, 6, 458000),
 'item_scraped_count': 8,
 'log_count/DEBUG': 18,
 'log_count/INFO': 7,
 'response_received_count': 9,
 'scheduler/dequeued': 8,
 'scheduler/dequeued/memory': 8,
 'scheduler/enqueued': 8,
 'scheduler/enqueued/memory': 8,
 'start_time': datetime.datetime(2017, 11, 11, 16, 16, 0, 791000)}
2017-11-11 17:16:06 [scrapy.core.engine] INFO: Spider closed (finished)
